0 info it worked if it ends with ok
1 verbose cli [ '/usr/local/bin/node',
1 verbose cli   '/usr/local/bin/npm',
1 verbose cli   'run',
1 verbose cli   'express-server' ]
2 info using npm@3.10.6
3 info using node@v5.4.1
4 verbose run-script [ 'preexpress-server', 'express-server', 'postexpress-server' ]
5 info lifecycle api@1.0.0~preexpress-server: api@1.0.0
6 silly lifecycle api@1.0.0~preexpress-server: no script for preexpress-server, continuing
7 info lifecycle api@1.0.0~express-server: api@1.0.0
8 verbose lifecycle api@1.0.0~express-server: unsafe-perm in lifecycle true
9 verbose lifecycle api@1.0.0~express-server: PATH: /usr/local/lib/node_modules/npm/bin/node-gyp-bin:/Users/rajatmhetre/Desktop/bdms/api/node_modules/.bin:/usr/local/lib/node_modules/npm/bin/node-gyp-bin:/Users/rajatmhetre/Desktop/bdms/api/node_modules/.bin:/usr/local/sbin:/Users/rajatmhetre/.sdkman/candidates/groovy/current/bin:/usr/local/bin:/opt/local/bin:/opt/local/sbin:/opt/local/bin:/opt/local/sbin:/usr/local/mysql/bin:/Library/Frameworks/Python.framework/Versions/3.4/bin:/opt/local/bin:/opt/local/sbin:/usr/bin:/bin:/usr/sbin:/sbin:/usr/local/bin:/usr/local/mysql/bin:/usr/local/mysql/bin:/usr/local/go/bin:/Users/rajatmhetre/golang/bin
10 verbose lifecycle api@1.0.0~express-server: CWD: /Users/rajatmhetre/Desktop/bdms/api
11 silly lifecycle api@1.0.0~express-server: Args: [ '-c', 'node ./app' ]
12 silly lifecycle api@1.0.0~express-server: Returned: code: 1  signal: null
13 info lifecycle api@1.0.0~express-server: Failed to exec express-server script
14 verbose stack Error: api@1.0.0 express-server: `node ./app`
14 verbose stack Exit status 1
14 verbose stack     at EventEmitter.<anonymous> (/usr/local/lib/node_modules/npm/lib/utils/lifecycle.js:255:16)
14 verbose stack     at emitTwo (events.js:87:13)
14 verbose stack     at EventEmitter.emit (events.js:172:7)
14 verbose stack     at ChildProcess.<anonymous> (/usr/local/lib/node_modules/npm/lib/utils/spawn.js:40:14)
14 verbose stack     at emitTwo (events.js:87:13)
14 verbose stack     at ChildProcess.emit (events.js:172:7)
14 verbose stack     at maybeClose (internal/child_process.js:821:16)
14 verbose stack     at Process.ChildProcess._handle.onexit (internal/child_process.js:211:5)
15 verbose pkgid api@1.0.0
16 verbose cwd /Users/rajatmhetre/Desktop/bdms/api
17 error Darwin 15.6.0
18 error argv "/usr/local/bin/node" "/usr/local/bin/npm" "run" "express-server"
19 error node v5.4.1
20 error npm  v3.10.6
21 error code ELIFECYCLE
22 error api@1.0.0 express-server: `node ./app`
22 error Exit status 1
23 error Failed at the api@1.0.0 express-server script 'node ./app'.
23 error Make sure you have the latest version of node.js and npm installed.
23 error If you do, this is most likely a problem with the api package,
23 error not with npm itself.
23 error Tell the author that this fails on your system:
23 error     node ./app
23 error You can get information on how to open an issue for this project with:
23 error     npm bugs api
23 error Or if that isn't available, you can get their info via:
23 error     npm owner ls api
23 error There is likely additional logging output above.
24 verbose exit [ 1, true ]
